travis_fold:start:worker_info[0K[33;1mWorker information[0m
hostname: 1f0a0093-c781-438c-a9eb-43701dba2e23@1.i-0752f8c-production-2-worker-org-ec2.travisci.net
version: v3.0.2 https://github.com/travis-ci/worker/tree/f1c05caed79c66a9103f12a22e8a45ec66dbca64
instance: 21a24c8:travis:java (via amqp)
startup: 1.318802782s
travis_fold:end:worker_info[0Ktravis_fold:start:system_info[0K[33;1mBuild system information[0m
Build language: java
Build group: stable
Build dist: trusty
Build id: 276769862
Job id: 276769863
Runtime kernel version: 4.11.6-041106-generic
travis-build version: ec7da3751
[34m[1mBuild image provisioning date and time[0m
Tue Aug 29 02:50:02 UTC 2017
[34m[1mOperating System Details[0m
Distributor ID:	Ubuntu
Description:	Ubuntu 14.04.5 LTS
Release:	14.04
Codename:	trusty
[34m[1mCookbooks Version[0m
4642454 https://github.com/travis-ci/travis-cookbooks/tree/4642454
[34m[1mgit version[0m
git version 2.14.1
[34m[1mbash version[0m
GNU bash, version 4.3.11(1)-release (x86_64-pc-linux-gnu)
[34m[1mgcc version[0m
gcc (Ubuntu 4.8.4-2ubuntu1~14.04.3) 4.8.4
Copyright (C) 2013 Free Software Foundation, Inc.
This is free software; see the source for copying conditions.  There is NO
warranty; not even for MERCHANTABILITY or FITNESS FOR A PARTICULAR PURPOSE.

[34m[1mdocker version[0m
Client:
 Version:      17.03.1-ce
 API version:  1.27
 Go version:   go1.7.5
 Git commit:   c6d412e
 Built:        Mon Mar 27 16:58:30 2017
 OS/Arch:      linux/amd64
[34m[1mclang version[0m
clang version 3.9.0 (tags/RELEASE_390/final)
Target: x86_64-unknown-linux-gnu
Thread model: posix
InstalledDir: /usr/local/clang-3.9.0/bin
[34m[1mjq version[0m
jq-1.5
[34m[1mbats version[0m
Bats 0.4.0
[34m[1mshellcheck version[0m
0.4.6
[34m[1mshfmt version[0m
v1.3.1
[34m[1mccache version[0m
ccache version 3.1.9

Copyright (C) 2002-2007 Andrew Tridgell
Copyright (C) 2009-2011 Joel Rosdahl

This program is free software; you can redistribute it and/or modify it under
the terms of the GNU General Public License as published by the Free Software
Foundation; either version 3 of the License, or (at your option) any later
version.
[34m[1mcmake version[0m
cmake version 3.2.2

CMake suite maintained and supported by Kitware (kitware.com/cmake).
[34m[1mheroku version[0m
heroku-cli/6.13.19-6cd27b3 (linux-x64) node-v8.3.0
[34m[1mimagemagick version[0m
Version: ImageMagick 6.7.7-10 2017-07-31 Q16 http://www.imagemagick.org
[34m[1mmd5deep version[0m
4.2
[34m[1mmercurial version[0m
Mercurial Distributed SCM (version 4.2.2)
(see https://mercurial-scm.org for more information)

Copyright (C) 2005-2017 Matt Mackall and others
This is free software; see the source for copying conditions. There is NO
warranty; not even for MERCHANTABILITY or FITNESS FOR A PARTICULAR PURPOSE.
[34m[1mmysql version[0m
mysql  Ver 14.14 Distrib 5.6.33, for debian-linux-gnu (x86_64) using  EditLine wrapper
[34m[1mopenssl version[0m
OpenSSL 1.0.1f 6 Jan 2014
[34m[1mpacker version[0m
Packer v1.0.2

Your version of Packer is out of date! The latest version
is 1.0.4. You can update by downloading from www.packer.io
[34m[1mpostgresql client version[0m
psql (PostgreSQL) 9.6.4
[34m[1mragel version[0m
Ragel State Machine Compiler version 6.8 Feb 2013
Copyright (c) 2001-2009 by Adrian Thurston
[34m[1msubversion version[0m
svn, version 1.8.8 (r1568071)
   compiled Aug 10 2017, 17:20:39 on x86_64-pc-linux-gnu

Copyright (C) 2013 The Apache Software Foundation.
This software consists of contributions made by many people;
see the NOTICE file for more information.
Subversion is open source software, see http://subversion.apache.org/

The following repository access (RA) modules are available:

* ra_svn : Module for accessing a repository using the svn network protocol.
  - with Cyrus SASL authentication
  - handles 'svn' scheme
* ra_local : Module for accessing a repository on local disk.
  - handles 'file' scheme
* ra_serf : Module for accessing a repository via WebDAV protocol using serf.
  - using serf 1.3.3
  - handles 'http' scheme
  - handles 'https' scheme

[34m[1msudo version[0m
Sudo version 1.8.9p5
Configure options: --prefix=/usr -v --with-all-insults --with-pam --with-fqdn --with-logging=syslog --with-logfac=authpriv --with-env-editor --with-editor=/usr/bin/editor --with-timeout=15 --with-password-timeout=0 --with-passprompt=[sudo] password for %p:  --without-lecture --with-tty-tickets --disable-root-mailer --enable-admin-flag --with-sendmail=/usr/sbin/sendmail --with-timedir=/var/lib/sudo --mandir=/usr/share/man --libexecdir=/usr/lib/sudo --with-sssd --with-sssd-lib=/usr/lib/x86_64-linux-gnu --with-selinux
Sudoers policy plugin version 1.8.9p5
Sudoers file grammar version 43

Sudoers path: /etc/sudoers
Authentication methods: 'pam'
Syslog facility if syslog is being used for logging: authpriv
Syslog priority to use when user authenticates successfully: notice
Syslog priority to use when user authenticates unsuccessfully: alert
Send mail if the user is not in sudoers
Use a separate timestamp for each user/tty combo
Lecture user the first time they run sudo
Root may run sudo
Allow some information gathering to give useful error messages
Require fully-qualified hostnames in the sudoers file
Visudo will honor the EDITOR environment variable
Set the LOGNAME and USER environment variables
Length at which to wrap log file lines (0 for no wrap): 80
Authentication timestamp timeout: 15.0 minutes
Password prompt timeout: 0.0 minutes
Number of tries to enter a password: 3
Umask to use or 0777 to use user's: 022
Path to mail program: /usr/sbin/sendmail
Flags for mail program: -t
Address to send mail to: root
Subject line for mail messages: *** SECURITY information for %h ***
Incorrect password message: Sorry, try again.
Path to authentication timestamp dir: /var/lib/sudo
Default password prompt: [sudo] password for %p: 
Default user to run commands as: root
Value to override user's $PATH with: /usr/local/sbin:/usr/local/bin:/usr/sbin:/usr/bin:/sbin:/bin:/snap/bin
Path to the editor for use by visudo: /usr/bin/editor
When to require a password for 'list' pseudocommand: any
When to require a password for 'verify' pseudocommand: all
File descriptors >= 3 will be closed before executing a command
Environment variables to check for sanity:
	TZ
	TERM
	LINGUAS
	LC_*
	LANGUAGE
	LANG
	COLORTERM
Environment variables to remove:
	RUBYOPT
	RUBYLIB
	PYTHONUSERBASE
	PYTHONINSPECT
	PYTHONPATH
	PYTHONHOME
	TMPPREFIX
	ZDOTDIR
	READNULLCMD
	NULLCMD
	FPATH
	PERL5DB
	PERL5OPT
	PERL5LIB
	PERLLIB
	PERLIO_DEBUG 
	JAVA_TOOL_OPTIONS
	SHELLOPTS
	GLOBIGNORE
	PS4
	BASH_ENV
	ENV
	TERMCAP
	TERMPATH
	TERMINFO_DIRS
	TERMINFO
	_RLD*
	LD_*
	PATH_LOCALE
	NLSPATH
	HOSTALIASES
	RES_OPTIONS
	LOCALDOMAIN
	CDPATH
	IFS
Environment variables to preserve:
	JAVA_HOME
	TRAVIS
	CI
	DEBIAN_FRONTEND
	XAUTHORIZATION
	XAUTHORITY
	PS2
	PS1
	PATH
	LS_COLORS
	KRB5CCNAME
	HOSTNAME
	HOME
	DISPLAY
	COLORS
Locale to use while parsing sudoers: C
Directory in which to store input/output logs: /var/log/sudo-io
File in which to store the input/output log: %{seq}
Add an entry to the utmp/utmpx file when allocating a pty
PAM service name to use
PAM service name to use for login shells
Create a new PAM session for the command to run in
Maximum I/O log sequence number: 0

Local IP address and netmask pairs:
	172.17.0.2/255.255.0.0

Sudoers I/O plugin version 1.8.9p5
[34m[1mgzip version[0m
gzip 1.6
Copyright (C) 2007, 2010, 2011 Free Software Foundation, Inc.
Copyright (C) 1993 Jean-loup Gailly.
This is free software.  You may redistribute copies of it under the terms of
the GNU General Public License <http://www.gnu.org/licenses/gpl.html>.
There is NO WARRANTY, to the extent permitted by law.

Written by Jean-loup Gailly.
[34m[1mzip version[0m
Copyright (c) 1990-2008 Info-ZIP - Type 'zip "-L"' for software license.
This is Zip 3.0 (July 5th 2008), by Info-ZIP.
Currently maintained by E. Gordon.  Please send bug reports to
the authors using the web page at www.info-zip.org; see README for details.

Latest sources and executables are at ftp://ftp.info-zip.org/pub/infozip,
as of above date; see http://www.info-zip.org/ for other sites.

Compiled with gcc 4.8.2 for Unix (Linux ELF) on Oct 21 2013.

Zip special compilation options:
	USE_EF_UT_TIME       (store Universal Time)
	BZIP2_SUPPORT        (bzip2 library version 1.0.6, 6-Sept-2010)
	    bzip2 code and library copyright (c) Julian R Seward
	    (See the bzip2 license for terms of use)
	SYMLINK_SUPPORT      (symbolic links supported)
	LARGE_FILE_SUPPORT   (can read and write large files on file system)
	ZIP64_SUPPORT        (use Zip64 to store large files in archives)
	UNICODE_SUPPORT      (store and read UTF-8 Unicode paths)
	STORE_UNIX_UIDs_GIDs (store UID/GID sizes/values using new extra field)
	UIDGID_NOT_16BIT     (old Unix 16-bit UID/GID extra field not used)
	[encryption, version 2.91 of 05 Jan 2007] (modified for Zip 3)

Encryption notice:
	The encryption code of this program is not copyrighted and is
	put in the public domain.  It was originally written in Europe
	and, to the best of our knowledge, can be freely distributed
	in both source and object forms from any country, including
	the USA under License Exception TSU of the U.S. Export
	Administration Regulations (section 740.13(e)) of 6 June 2002.

Zip environment options:
             ZIP:  [none]
          ZIPOPT:  [none]
[34m[1mvim version[0m
VIM - Vi IMproved 7.4 (2013 Aug 10, compiled Nov 24 2016 16:43:18)
Included patches: 1-52
Extra patches: 8.0.0056
Modified by pkg-vim-maintainers@lists.alioth.debian.org
Compiled by buildd@
Huge version without GUI.  Features included (+) or not (-):
+acl             +farsi           +mouse_netterm   +syntax
+arabic          +file_in_path    +mouse_sgr       +tag_binary
+autocmd         +find_in_path    -mouse_sysmouse  +tag_old_static
-balloon_eval    +float           +mouse_urxvt     -tag_any_white
-browse          +folding         +mouse_xterm     -tcl
++builtin_terms  -footer          +multi_byte      +terminfo
+byte_offset     +fork()          +multi_lang      +termresponse
+cindent         +gettext         -mzscheme        +textobjects
-clientserver    -hangul_input    +netbeans_intg   +title
-clipboard       +iconv           +path_extra      -toolbar
+cmdline_compl   +insert_expand   -perl            +user_commands
+cmdline_hist    +jumplist        +persistent_undo +vertsplit
+cmdline_info    +keymap          +postscript      +virtualedit
+comments        +langmap         +printer         +visual
+conceal         +libcall         +profile         +visualextra
+cryptv          +linebreak       +python          +viminfo
+cscope          +lispindent      -python3         +vreplace
+cursorbind      +listcmds        +quickfix        +wildignore
+cursorshape     +localmap        +reltime         +wildmenu
+dialog_con      -lua             +rightleft       +windows
+diff            +menu            -ruby            +writebackup
+digraphs        +mksession       +scrollbind      -X11
-dnd             +modify_fname    +signs           -xfontset
-ebcdic          +mouse           +smartindent     -xim
+emacs_tags      -mouseshape      -sniff           -xsmp
+eval            +mouse_dec       +startuptime     -xterm_clipboard
+ex_extra        +mouse_gpm       +statusline      -xterm_save
+extra_search    -mouse_jsbterm   -sun_workshop    -xpm
   system vimrc file: "$VIM/vimrc"
     user vimrc file: "$HOME/.vimrc"
 2nd user vimrc file: "~/.vim/vimrc"
      user exrc file: "$HOME/.exrc"
  fall-back for $VIM: "/usr/share/vim"
Compilation: gcc -c -I. -Iproto -DHAVE_CONFIG_H     -g -O2 -fstack-protector --param=ssp-buffer-size=4 -Wformat -Werror=format-security -U_FORTIFY_SOURCE -D_FORTIFY_SOURCE=1      
Linking: gcc   -Wl,-Bsymbolic-functions -Wl,-z,relro -Wl,--as-needed -o vim        -lm -ltinfo -lnsl  -lselinux  -lacl -lattr -lgpm -ldl    -L/usr/lib/python2.7/config-x86_64-linux-gnu -lpython2.7 -lpthread -ldl -lutil -lm -Xlinker -export-dynamic -Wl,-O1 -Wl,-Bsymbolic-functions      
[34m[1miptables version[0m
iptables v1.4.21
[34m[1mcurl version[0m
curl 7.35.0 (x86_64-pc-linux-gnu) libcurl/7.35.0 OpenSSL/1.0.1f zlib/1.2.8 libidn/1.28 librtmp/2.3
[34m[1mwget version[0m
GNU Wget 1.15 built on linux-gnu.
[34m[1mrsync version[0m
rsync  version 3.1.0  protocol version 31
[34m[1mgimme version[0m
v1.2.0
[34m[1mnvm version[0m
0.33.2
[34m[1mperlbrew version[0m
/home/travis/perl5/perlbrew/bin/perlbrew  - App::perlbrew/0.80
[34m[1mphpenv version[0m
rbenv 1.1.1-4-g4ebd1bd
[34m[1mrvm version[0m
rvm 1.29.2 (latest) by Michal Papis, Piotr Kuczynski, Wayne E. Seguin [https://rvm.io/]
[34m[1mdefault ruby version[0m
ruby 2.4.1p111 (2017-03-22 revision 58053) [x86_64-linux]
[34m[1mCouchDB version[0m
couchdb 1.6.1
[34m[1mElasticSearch version[0m
5.5.0
[34m[1mInstalled Firefox version[0m
firefox 55.0.2
[34m[1mMongoDB version[0m
MongoDB 3.2.16
[34m[1mPre-installed PostgreSQL versions[0m
9.2.22
9.3.18
9.4.13
9.5.8
9.6.4
[34m[1mRabbitMQ Version[0m
3.6.11
[34m[1mRedis version[0m
redis-server 4.0.1
[34m[1mriak version[0m
2.2.3
[34m[1mPre-installed Go versions[0m
1.7.4
[34m[1mant version[0m
Apache Ant(TM) version 1.9.3 compiled on April 8 2014
[34m[1mmvn version[0m
Apache Maven 3.5.0 (ff8f5e7444045639af65f6095c62210b5713f426; 2017-04-03T19:39:06Z)
Maven home: /usr/local/maven-3.5.0
Java version: 1.8.0_144, vendor: Oracle Corporation
Java home: /usr/lib/jvm/java-8-oracle/jre
Default locale: en_US, platform encoding: UTF-8
OS name: "linux", version: "4.4.0-92-generic", arch: "amd64", family: "unix"
[34m[1mgradle version[0m

------------------------------------------------------------
Gradle 4.0.1
------------------------------------------------------------

Build time:   2017-07-07 14:02:41 UTC
Revision:     38e5dc0f772daecca1d2681885d3d85414eb6826

Groovy:       2.4.11
Ant:          Apache Ant(TM) version 1.9.6 compiled on June 29 2015
JVM:          1.8.0_144 (Oracle Corporation 25.144-b01)
OS:           Linux 4.4.0-92-generic amd64

[34m[1mlein version[0m
WARNING: You're currently running as root; probably by accident.
Press control-C to abort or Enter to continue as root.
Set LEIN_ROOT to disable this warning.
Leiningen 2.7.1 on Java 1.8.0_144 Java HotSpot(TM) 64-Bit Server VM
[34m[1mPre-installed Node.js versions[0m
v4.8.4
v6.11.2
v6.9.4
v7.4.0
v8.4
[34m[1mphpenv versions[0m
  system
  5.6
* 5.6.31 (set by /home/travis/.phpenv/version)
  7.0
  7.0.22
  hhvm
  hhvm-stable
[34m[1mcomposer --version[0m
Composer version 1.4.2 2017-05-17 08:17:52
[34m[1mPre-installed Ruby versions[0m
ruby-2.2.7
ruby-2.3.4
ruby-2.4.1
travis_fold:end:system_info[0K
W: http://dl.hhvm.com/ubuntu/dists/trusty/InRelease: Signature by key 36AEF64D0207E7EEE352D4875A16E7281BE7A449 uses weak digest algorithm (SHA1)
W: http://ppa.launchpad.net/couchdb/stable/ubuntu/dists/trusty/Release.gpg: Signature by key 15866BAFD9BCC4F3C1E0DFC7D69548E1C17EAB57 uses weak digest algorithm (SHA1)
$ jdk_switcher use oraclejdk8
Switching to Oracle JDK8 (java-8-oracle), JAVA_HOME will be set to /usr/lib/jvm/java-8-oracle
depth=3 C = US, O = "Entrust, Inc.", OU = www.entrust.net/CPS is incorporated by reference, OU = "(c) 2006 Entrust, Inc.", CN = Entrust Root Certification Authority
verify error:num=19:self signed certificate in certificate chain
verify return:0
DONE
travis_fold:start:git.checkout[0Ktravis_time:start:261f3b1c[0K$ git clone --depth=50 --branch=w2017-09-18 https://github.com/zaproxy/zaproxy.git zaproxy/zaproxy
Cloning into 'zaproxy/zaproxy'...
Note: checking out 'ba6f508eddd3173a7a11128c790d947b3c7269eb'.

You are in 'detached HEAD' state. You can look around, make experimental
changes and commit them, and you can discard any commits you make in this
state without impacting any branches by performing another checkout.

If you want to create a new branch to retain commits you create, you may
do so (now or later) by using -b with the checkout command again. Example:

  git checkout -b <new-branch-name>


travis_time:end:261f3b1c:start=1505726641376423362,finish=1505726644737137912,duration=3360714550[0K$ cd zaproxy/zaproxy
$ git checkout -qf w2017-09-18
travis_fold:end:git.checkout[0Ktravis_fold:start:apt[0K[33;1mInstalling APT Packages (BETA)[0m
$ export DEBIAN_FRONTEND=noninteractive
travis_time:start:2aa84ffb[0K$ sudo -E apt-get -yq update &>> ~/apt-get-update.log

travis_time:end:2aa84ffb:start=1505726645135350833,finish=1505726653160075121,duration=8024724288[0Ktravis_time:start:1f0ff0f8[0K$ sudo -E apt-get -yq --no-install-suggests --no-install-recommends --force-yes install ant-optional
Reading package lists...
Building dependency tree...
Reading state information...
ant-optional is already the newest version (1.9.3-2build1).
0 upgraded, 0 newly installed, 0 to remove and 30 not upgraded.

travis_time:end:1f0ff0f8:start=1505726653165131042,finish=1505726656667463196,duration=3502332154[0Ktravis_fold:end:apt[0K
[33;1mSetting environment variables from .travis.yml[0m
$ export COVERITY_SCAN_TOKEN=[secure]

[33;1mDisabling Gradle daemon[0m
travis_time:start:004b19ce[0K$ mkdir -p ~/.gradle && echo "org.gradle.daemon=false" >> ~/.gradle/gradle.properties

travis_time:end:004b19ce:start=1505726660306959882,finish=1505726660312836831,duration=5876949[0K$ export PATH=$JAVA_HOME/bin:$PATH
$ java -Xmx32m -version
Picked up _JAVA_OPTIONS: -Xmx2048m -Xms512m
java version "1.8.0_144"
Java(TM) SE Runtime Environment (build 1.8.0_144-b01)
Java HotSpot(TM) 64-Bit Server VM (build 25.144-b01, mixed mode)
$ javac -J-Xmx32m -version
Picked up _JAVA_OPTIONS: -Xmx2048m -Xms512m
javac 1.8.0_144
coverity_scan:start$ export PROJECT_NAME=zaproxy/zaproxy
coverity_scan:endtravis_time:start:136b0cb6[0K$ ant -buildfile build/build.xml test
Picked up _JAVA_OPTIONS: -Xmx2048m -Xms512m
Buildfile: /home/travis/build/zaproxy/zaproxy/build/build.xml

setup:
     [echo] Build version is: Dev Build
     [echo] Jar file for build is: zap-dev.jar

init:
    [mkdir] Created dir: /home/travis/build/zaproxy/zaproxy/build/build
    [mkdir] Created dir: /home/travis/build/zaproxy/zaproxy/build/buildtest
    [mkdir] Created dir: /home/travis/build/zaproxy/zaproxy/build/results

compile:
     [echo] Compiling the source...
    [javac] Compiling 1083 source files to /home/travis/build/zaproxy/zaproxy/build/build
    [javac] Compiling 75 source files to /home/travis/build/zaproxy/zaproxy/build/buildtest

dist:
     [echo] Creating the distribution set...
    [mkdir] Created dir: /home/travis/build/zaproxy/zaproxy/build/zap
     [copy] Copying 1 file to /home/travis/build/zaproxy/zaproxy/build/build/xml
     [copy] Copying 540 files to /home/travis/build/zaproxy/zaproxy/build/build/resource
     [copy] Copying 23 files to /home/travis/build/zaproxy/zaproxy/build/zap/xml
     [copy] Copying 6 files to /home/travis/build/zaproxy/zaproxy/build/zap/db
     [copy] Copying 1 file to /home/travis/build/zaproxy/zaproxy/build/zap/plugin
     [copy] Copying 14 files to /home/travis/build/zaproxy/zaproxy/build/zap/scripts
     [copy] Copying 78 files to /home/travis/build/zaproxy/zaproxy/build/zap/lang
     [copy] Copying 9 files to /home/travis/build/zaproxy/zaproxy/build/zap/license
     [copy] Copying 36 files to /home/travis/build/zaproxy/zaproxy/build/zap/lib
     [copy] Copying 1 file to /home/travis/build/zaproxy/zaproxy/build/zap
     [copy] Copying 2 files to /home/travis/build/zaproxy/zaproxy/build/zap
     [copy] Copying 1 file to /home/travis/build/zaproxy/zaproxy/build/zap

copy-source-to-build:
      [jar] Building jar: /home/travis/build/zaproxy/zaproxy/build/zap/zap-dev.jar

test:
    [junit] Picked up _JAVA_OPTIONS: -Xmx2048m -Xms512m
    [junit] Running ch.csnc.extension.httpclient.AliasCertificateUnitTest
    [junit] Tests run: 4, Failures: 0, Errors: 0, Skipped: 0, Time elapsed: 0.228 sec
    [junit] Picked up _JAVA_OPTIONS: -Xmx2048m -Xms512m
    [junit] Running ch.csnc.extension.httpclient.AliasKeyManagerUnitTest
    [junit] Tests run: 9, Failures: 0, Errors: 0, Skipped: 0, Time elapsed: 0.406 sec
    [junit] Picked up _JAVA_OPTIONS: -Xmx2048m -Xms512m
    [junit] Running ch.csnc.extension.httpclient.PKCS11ConfigurationUnitTest
    [junit] Tests run: 30, Failures: 0, Errors: 0, Skipped: 0, Time elapsed: 0.534 sec
    [junit] Picked up _JAVA_OPTIONS: -Xmx2048m -Xms512m
    [junit] Running ch.csnc.extension.httpclient.SSLContextManagerUnitTest
    [junit] Tests run: 3, Failures: 0, Errors: 0, Skipped: 0, Time elapsed: 0.945 sec
    [junit] Picked up _JAVA_OPTIONS: -Xmx2048m -Xms512m
    [junit] Running ch.csnc.extension.util.EncodingUnitTest
    [junit] Tests run: 8, Failures: 0, Errors: 0, Skipped: 0, Time elapsed: 0.066 sec
    [junit] Picked up _JAVA_OPTIONS: -Xmx2048m -Xms512m
    [junit] Running org.apache.commons.httpclient.HttpMethodBaseUnitTest
    [junit] Tests run: 3, Failures: 0, Errors: 0, Skipped: 0, Time elapsed: 0.108 sec
    [junit] Picked up _JAVA_OPTIONS: -Xmx2048m -Xms512m
    [junit] Running org.apache.commons.httpclient.URIUnitTest
    [junit] Tests run: 2, Failures: 0, Errors: 0, Skipped: 0, Time elapsed: 0.063 sec
    [junit] Picked up _JAVA_OPTIONS: -Xmx2048m -Xms512m
    [junit] Running org.parosproxy.paros.CommandLineUnitTest
    [junit] Tests run: 27, Failures: 0, Errors: 0, Skipped: 0, Time elapsed: 0.626 sec
    [junit] Picked up _JAVA_OPTIONS: -Xmx2048m -Xms512m
    [junit] Running org.parosproxy.paros.core.scanner.KbUnitTest
    [junit] Tests run: 11, Failures: 0, Errors: 0, Skipped: 4, Time elapsed: 0.092 sec
    [junit] Picked up _JAVA_OPTIONS: -Xmx2048m -Xms512m
    [junit] Running org.parosproxy.paros.core.scanner.NameValuePairUnitTest
    [junit] Tests run: 20, Failures: 0, Errors: 0, Skipped: 0, Time elapsed: 0.076 sec
    [junit] Picked up _JAVA_OPTIONS: -Xmx2048m -Xms512m
    [junit] Running org.parosproxy.paros.core.scanner.PluginFactoryUnitTest
    [junit] Tests run: 18, Failures: 0, Errors: 0, Skipped: 0, Time elapsed: 1.053 sec
    [junit] Picked up _JAVA_OPTIONS: -Xmx2048m -Xms512m
    [junit] Running org.parosproxy.paros.core.scanner.UtilUnitTest
    [junit] Tests run: 1, Failures: 0, Errors: 0, Skipped: 0, Time elapsed: 0.557 sec
    [junit] Picked up _JAVA_OPTIONS: -Xmx2048m -Xms512m
    [junit] Running org.parosproxy.paros.core.scanner.VariantCookieUnitTest
    [junit] Tests run: 25, Failures: 0, Errors: 0, Skipped: 0, Time elapsed: 0.137 sec
    [junit] Picked up _JAVA_OPTIONS: -Xmx2048m -Xms512m
    [junit] Running org.parosproxy.paros.core.scanner.VariantHeaderUnitTest
    [junit] Tests run: 12, Failures: 0, Errors: 0, Skipped: 0, Time elapsed: 0.125 sec
    [junit] Picked up _JAVA_OPTIONS: -Xmx2048m -Xms512m
    [junit] Running org.parosproxy.paros.core.scanner.VariantODataUnitTest
    [junit] Tests run: 9, Failures: 0, Errors: 0, Skipped: 0, Time elapsed: 0.095 sec
    [junit] Picked up _JAVA_OPTIONS: -Xmx2048m -Xms512m
    [junit] Running org.parosproxy.paros.model.FileCopierUnitTest
    [junit] Tests run: 3, Failures: 0, Errors: 0, Skipped: 0, Time elapsed: 0.26 sec
    [junit] Picked up _JAVA_OPTIONS: -Xmx2048m -Xms512m
    [junit] Running org.parosproxy.paros.network.HttpBodyUnitTest
    [junit] Tests run: 54, Failures: 0, Errors: 0, Skipped: 0, Time elapsed: 0.143 sec
    [junit] Picked up _JAVA_OPTIONS: -Xmx2048m -Xms512m
    [junit] Running org.parosproxy.paros.network.HttpRequestHeaderUnitTest
    [junit] Tests run: 3, Failures: 0, Errors: 0, Skipped: 0, Time elapsed: 0.102 sec
    [junit] Picked up _JAVA_OPTIONS: -Xmx2048m -Xms512m
    [junit] Running org.parosproxy.paros.network.HttpResponseHeaderUnitTest
    [junit] Tests run: 3, Failures: 0, Errors: 0, Skipped: 0, Time elapsed: 0.075 sec
    [junit] Picked up _JAVA_OPTIONS: -Xmx2048m -Xms512m
    [junit] Running org.zaproxy.zap.VersionUnitTest
    [junit] Tests run: 22, Failures: 0, Errors: 0, Skipped: 0, Time elapsed: 0.091 sec
    [junit] Picked up _JAVA_OPTIONS: -Xmx2048m -Xms512m
    [junit] Running org.zaproxy.zap.authentication.AuthenticationMethodIndicatorsUnitTest
    [junit] Tests run: 15, Failures: 0, Errors: 0, Skipped: 0, Time elapsed: 0.328 sec
    [junit] Picked up _JAVA_OPTIONS: -Xmx2048m -Xms512m
    [junit] Running org.zaproxy.zap.authentication.UsernamePasswordAuthenticationCredentialsUnitTest
    [junit] Tests run: 7, Failures: 0, Errors: 0, Skipped: 0, Time elapsed: 0.16 sec
    [junit] Picked up _JAVA_OPTIONS: -Xmx2048m -Xms512m
    [junit] Running org.zaproxy.zap.control.AddOnCollectionUnitTest
    [junit] Tests run: 11, Failures: 0, Errors: 0, Skipped: 0, Time elapsed: 0.451 sec
    [junit] Picked up _JAVA_OPTIONS: -Xmx2048m -Xms512m
    [junit] Running org.zaproxy.zap.control.AddOnUnitTest
    [junit] Tests run: 46, Failures: 0, Errors: 0, Skipped: 0, Time elapsed: 0.397 sec
    [junit] Picked up _JAVA_OPTIONS: -Xmx2048m -Xms512m
    [junit] Running org.zaproxy.zap.control.ExtensionFactoryUnitTest
    [junit] Tests run: 6, Failures: 0, Errors: 0, Skipped: 0, Time elapsed: 0.079 sec
    [junit] Picked up _JAVA_OPTIONS: -Xmx2048m -Xms512m
    [junit] Running org.zaproxy.zap.control.ZapReleaseComparitorUnitTest
    [junit] Tests run: 1, Failures: 0, Errors: 0, Skipped: 0, Time elapsed: 0.123 sec
    [junit] Picked up _JAVA_OPTIONS: -Xmx2048m -Xms512m
    [junit] Running org.zaproxy.zap.control.ZapReleaseUnitTest
    [junit] Tests run: 5, Failures: 0, Errors: 0, Skipped: 0, Time elapsed: 0.125 sec
    [junit] Picked up _JAVA_OPTIONS: -Xmx2048m -Xms512m
    [junit] Running org.zaproxy.zap.extension.alert.ExtensionAlertUnitTest
    [junit] Tests run: 15, Failures: 0, Errors: 0, Skipped: 0, Time elapsed: 0.092 sec
    [junit] Picked up _JAVA_OPTIONS: -Xmx2048m -Xms512m
    [junit] Running org.zaproxy.zap.extension.api.APIUnitTest
    [junit] Tests run: 17, Failures: 0, Errors: 0, Skipped: 0, Time elapsed: 0.411 sec
    [junit] Picked up _JAVA_OPTIONS: -Xmx2048m -Xms512m
    [junit] Running org.zaproxy.zap.extension.api.ApiResponseConversionUtilsUnitTest
    [junit] Tests run: 7, Failures: 0, Errors: 0, Skipped: 0, Time elapsed: 0.298 sec
    [junit] Picked up _JAVA_OPTIONS: -Xmx2048m -Xms512m
    [junit] Running org.zaproxy.zap.extension.api.OptionsParamApiUnitTest
    [junit] Tests run: 36, Failures: 0, Errors: 0, Skipped: 0, Time elapsed: 0.191 sec
    [junit] Picked up _JAVA_OPTIONS: -Xmx2048m -Xms512m
    [junit] Running org.zaproxy.zap.extension.authorization.BasicAuthorizationDetectionMethodUnitTest
    [junit] Tests run: 15, Failures: 0, Errors: 0, Skipped: 0, Time elapsed: 0.354 sec
    [junit] Picked up _JAVA_OPTIONS: -Xmx2048m -Xms512m
    [junit] Running org.zaproxy.zap.extension.brk.impl.http.HttpBreakpointManagementDaemonImplUnitTest
    [junit] Tests run: 7, Failures: 0, Errors: 0, Skipped: 0, Time elapsed: 0.418 sec
    [junit] Picked up _JAVA_OPTIONS: -Xmx2048m -Xms512m
    [junit] Running org.zaproxy.zap.extension.dynssl.SslCertificateUtilsUnitTest
    [junit] Tests run: 10, Failures: 0, Errors: 0, Skipped: 0, Time elapsed: 0.152 sec
    [junit] Picked up _JAVA_OPTIONS: -Xmx2048m -Xms512m
    [junit] Running org.zaproxy.zap.extension.ext.ExtensionParamUnitTest
    [junit] Tests run: 10, Failures: 0, Errors: 0, Skipped: 0, Time elapsed: 0.152 sec
    [junit] Picked up _JAVA_OPTIONS: -Xmx2048m -Xms512m
    [junit] Running org.zaproxy.zap.extension.httppanel.view.hex.HttpPanelHexModelUnitTest
    [junit] Tests run: 1, Failures: 0, Errors: 0, Skipped: 0, Time elapsed: 0.068 sec
    [junit] Picked up _JAVA_OPTIONS: -Xmx2048m -Xms512m
    [junit] Running org.zaproxy.zap.extension.httppanel.view.util.HttpTextViewUtilsUnitTest
    [junit] Tests run: 49, Failures: 0, Errors: 0, Skipped: 0, Time elapsed: 0.123 sec
    [junit] Picked up _JAVA_OPTIONS: -Xmx2048m -Xms512m
    [junit] Running org.zaproxy.zap.extension.lang.LangImporterUnitTest
    [junit] Tests run: 2, Failures: 0, Errors: 0, Skipped: 0, Time elapsed: 0.087 sec
    [junit] Picked up _JAVA_OPTIONS: -Xmx2048m -Xms512m
    [junit] Running org.zaproxy.zap.extension.pscan.PluginPassiveScannerUnitTest
    [junit] Tests run: 31, Failures: 0, Errors: 0, Skipped: 0, Time elapsed: 0.166 sec
    [junit] Picked up _JAVA_OPTIONS: -Xmx2048m -Xms512m
    [junit] Running org.zaproxy.zap.extension.ruleconfig.RuleConfigParamUnitTest
    [junit] Tests run: 7, Failures: 0, Errors: 0, Skipped: 0, Time elapsed: 0.22 sec
    [junit] Picked up _JAVA_OPTIONS: -Xmx2048m -Xms512m
    [junit] Running org.zaproxy.zap.model.ContextUnitTest
    [junit] Tests run: 5, Failures: 0, Errors: 0, Skipped: 0, Time elapsed: 0.236 sec
    [junit] Picked up _JAVA_OPTIONS: -Xmx2048m -Xms512m
    [junit] Running org.zaproxy.zap.model.SessionUtilsUnitTest
    [junit] Tests run: 5, Failures: 0, Errors: 0, Skipped: 0, Time elapsed: 0.094 sec
    [junit] Picked up _JAVA_OPTIONS: -Xmx2048m -Xms512m
    [junit] Running org.zaproxy.zap.model.StandardParameterParserUnitTest
    [junit] Tests run: 5, Failures: 0, Errors: 0, Skipped: 0, Time elapsed: 0.241 sec
    [junit] Picked up _JAVA_OPTIONS: -Xmx2048m -Xms512m
    [junit] Running org.zaproxy.zap.model.VulnerabilitiesLoaderUnitTest
    [junit] Tests run: 12, Failures: 0, Errors: 0, Skipped: 0, Time elapsed: 0.183 sec
    [junit] Picked up _JAVA_OPTIONS: -Xmx2048m -Xms512m
    [junit] Running org.zaproxy.zap.network.HttpResponseBodyUnitTest
    [junit] Tests run: 15, Failures: 0, Errors: 0, Skipped: 0, Time elapsed: 0.113 sec
    [junit] Picked up _JAVA_OPTIONS: -Xmx2048m -Xms512m
    [junit] Running org.zaproxy.zap.spider.URLCanonicalizerUnitTest
    [junit] Tests run: 35, Failures: 0, Errors: 0, Skipped: 0, Time elapsed: 0.125 sec
    [junit] Picked up _JAVA_OPTIONS: -Xmx2048m -Xms512m
    [junit] Running org.zaproxy.zap.spider.URLResolverRfc1808ExamplesUnitTest
    [junit] Tests run: 2, Failures: 0, Errors: 0, Skipped: 0, Time elapsed: 0.066 sec
    [junit] Picked up _JAVA_OPTIONS: -Xmx2048m -Xms512m
    [junit] Running org.zaproxy.zap.spider.URLResolverUnitTest
    [junit] Tests run: 18, Failures: 0, Errors: 0, Skipped: 0, Time elapsed: 0.076 sec
    [junit] Picked up _JAVA_OPTIONS: -Xmx2048m -Xms512m
    [junit] Running org.zaproxy.zap.spider.filters.DefaultFetchFilterUnitTest
    [junit] Tests run: 16, Failures: 0, Errors: 0, Skipped: 0, Time elapsed: 0.289 sec
    [junit] Picked up _JAVA_OPTIONS: -Xmx2048m -Xms512m
    [junit] Running org.zaproxy.zap.spider.filters.DefaultParseFilterUnitTest
    [junit] Tests run: 17, Failures: 0, Errors: 0, Skipped: 0, Time elapsed: 0.129 sec
    [junit] Picked up _JAVA_OPTIONS: -Xmx2048m -Xms512m
    [junit] Running org.zaproxy.zap.spider.filters.HttpPrefixFetchFilterUnitTest
    [junit] Tests run: 28, Failures: 0, Errors: 0, Skipped: 0, Time elapsed: 0.116 sec
    [junit] Picked up _JAVA_OPTIONS: -Xmx2048m -Xms512m
    [junit] Running org.zaproxy.zap.spider.parser.SpiderHtmlFormParserUnitTest
    [junit] Tests run: 52, Failures: 0, Errors: 0, Skipped: 0, Time elapsed: 0.367 sec
    [junit] Picked up _JAVA_OPTIONS: -Xmx2048m -Xms512m
    [junit] Running org.zaproxy.zap.spider.parser.SpiderHtmlParserUnitTest
    [junit] Tests run: 25, Failures: 0, Errors: 0, Skipped: 0, Time elapsed: 0.259 sec
    [junit] Picked up _JAVA_OPTIONS: -Xmx2048m -Xms512m
    [junit] Running org.zaproxy.zap.spider.parser.SpiderSitemapXMLParserUnitTest
    [junit] Tests run: 18, Failures: 0, Errors: 0, Skipped: 0, Time elapsed: 0.286 sec
    [junit] Picked up _JAVA_OPTIONS: -Xmx2048m -Xms512m
    [junit] Running org.zaproxy.zap.spider.parser.SpiderTextParserUnitTest
    [junit] Tests run: 11, Failures: 0, Errors: 0, Skipped: 0, Time elapsed: 0.146 sec
    [junit] Picked up _JAVA_OPTIONS: -Xmx2048m -Xms512m
    [junit] Running org.zaproxy.zap.users.UserUnitTest
    [junit] Tests run: 9, Failures: 0, Errors: 0, Skipped: 0, Time elapsed: 0.42 sec
    [junit] Picked up _JAVA_OPTIONS: -Xmx2048m -Xms512m
    [junit] Running org.zaproxy.zap.users.UsersTableModelUnitTest
    [junit] Tests run: 27, Failures: 0, Errors: 0, Skipped: 0, Time elapsed: 0.557 sec
    [junit] Picked up _JAVA_OPTIONS: -Xmx2048m -Xms512m
    [junit] Running org.zaproxy.zap.utils.ApiUtilsUnitTest
    [junit] Tests run: 12, Failures: 0, Errors: 0, Skipped: 0, Time elapsed: 0.137 sec
    [junit] Picked up _JAVA_OPTIONS: -Xmx2048m -Xms512m
    [junit] Running org.zaproxy.zap.utils.BoyerMooreMatcherUnitTest
    [junit] Tests run: 10, Failures: 0, Errors: 0, Skipped: 0, Time elapsed: 0.076 sec
    [junit] Picked up _JAVA_OPTIONS: -Xmx2048m -Xms512m
    [junit] Running org.zaproxy.zap.utils.ByteBuilderUnitTest
    [junit] Tests run: 3, Failures: 0, Errors: 0, Skipped: 0, Time elapsed: 0.081 sec
    [junit] Picked up _JAVA_OPTIONS: -Xmx2048m -Xms512m
    [junit] Running org.zaproxy.zap.utils.HirshbergMatcherUnitTest
    [junit] Tests run: 18, Failures: 0, Errors: 0, Skipped: 0, Time elapsed: 0.073 sec
    [junit] Picked up _JAVA_OPTIONS: -Xmx2048m -Xms512m
    [junit] Running org.zaproxy.zap.utils.LocaleUtilsUnitTest
    [junit] Tests run: 12, Failures: 0, Errors: 0, Skipped: 0, Time elapsed: 0.107 sec
    [junit] Picked up _JAVA_OPTIONS: -Xmx2048m -Xms512m
    [junit] Running org.zaproxy.zap.utils.XMLStringUtilUnitTest
    [junit] Tests run: 4, Failures: 0, Errors: 0, Skipped: 0, Time elapsed: 0.062 sec
    [junit] Picked up _JAVA_OPTIONS: -Xmx2048m -Xms512m
    [junit] Running org.zaproxy.zap.view.JCheckBoxTreeUnitTest
    [junit] Tests run: 26, Failures: 0, Errors: 0, Skipped: 0, Time elapsed: 0.378 sec
    [junit] Picked up _JAVA_OPTIONS: -Xmx2048m -Xms512m
    [junit] Running org.zaproxy.zap.view.LayoutHelperUnitTest
    [junit] Tests run: 4, Failures: 0, Errors: 0, Skipped: 0, Time elapsed: 0.065 sec
    [junit] Picked up _JAVA_OPTIONS: -Xmx2048m -Xms512m
    [junit] Running org.zaproxy.zap.view.widgets.UsersListModelUnitTest
    [junit] Tests run: 47, Failures: 0, Errors: 0, Skipped: 0, Time elapsed: 0.723 sec
    [junit] Picked up _JAVA_OPTIONS: -Xmx2048m -Xms512m
    [junit] Running org.parosproxy.paros.common.AbstractParamUnitTest
    [junit] Tests run: 4, Failures: 0, Errors: 0, Skipped: 0, Time elapsed: 0.131 sec
    [junit] Picked up _JAVA_OPTIONS: -Xmx2048m -Xms512m
    [junit] Running org.parosproxy.paros.core.scanner.AbstractPluginUnitTest
    [junit] Tests run: 48, Failures: 0, Errors: 0, Skipped: 0, Time elapsed: 0.17 sec
    [junit] Picked up _JAVA_OPTIONS: -Xmx2048m -Xms512m
    [junit] Running org.zaproxy.zap.view.AbstractMultipleOptionsBaseTableModelUnitTest
    [junit] Tests run: 7, Failures: 0, Errors: 0, Skipped: 0, Time elapsed: 0.064 sec

BUILD SUCCESSFUL
Total time: 1 minute 2 seconds

travis_time:end:136b0cb6:start=1505726660806724884,finish=1505726723609425488,duration=62802700604[0K
[32;1mThe command "ant -buildfile build/build.xml test" exited with 0.[0m

Done. Your build exited with 0.
